<?xml version="1.0" encoding="UTF-8"?>
<!-- Generated by org.testng.reporters.JUnitXMLReporter -->
<testsuite ignored="0" hostname="DESKTOP-838J0I7" failures="0" tests="4" name="Board_Tests" time="5.362" errors="0" timestamp="2022-08-09T17:56:47 CEST">
  <testcase classname="com.qa.rest.tests.CreateBoardTests" name="CreateBoard" time="3.829"/>
  <testcase classname="com.qa.rest.tests.GetBoardTests" name="getBoardDetails" time="0.658"/>
  <testcase classname="com.qa.rest.tests.UpdateBoardTests" name="updateBoardDetails" time="0.342"/>
  <testcase classname="com.qa.rest.tests.CreateCardTests" name="createCard" time="0.429"/>
</testsuite> <!-- Board_Tests -->
